[2018-08-15 14:19:00] app.INFO: 200 OK {"status":200,"method":"GET","route":"/","params":[]} {"uid":"19e0513"}
[2018-08-15 14:19:03] app.INFO: 200 OK {"status":200,"method":"GET","route":"/users/signin","params":[]} {"uid":"937e9a9"}
[2018-08-15 14:19:08] app.INFO: 302 Found {"status":302,"method":"POST","route":"/users/signin","params":[]} {"uid":"3be573c"}
[2018-08-15 14:19:08] app.INFO: 200 OK {"status":200,"method":"GET","route":"/users/profile","params":[]} {"uid":"73feada"}
[2018-08-15 16:19:14] app.INFO: 200 OK {"status":200,"method":"GET","route":"/admin","params":[]} {"uid":"6b0cce6"}
[2018-08-15 16:19:18] app.INFO: 200 OK {"status":200,"method":"GET","route":"/admin/diseases","params":[]} {"uid":"e83067f"}
[2018-08-15 16:19:29] app.INFO: 200 OK {"status":200,"method":"GET","route":"/admin/patients","params":[]} {"uid":"86891a4"}
[2018-08-15 16:19:30] app.INFO: 200 OK {"status":200,"method":"GET","route":"/admin/professionals","params":[]} {"uid":"6624ac8"}
[2018-08-15 16:19:34] app.INFO: 200 OK {"status":200,"method":"GET","route":"/admin","params":[]} {"uid":"c11d415"}
[2018-08-15 16:19:39] app.INFO: 200 OK {"status":200,"method":"GET","route":"/admin/professional_types","params":[]} {"uid":"e4b700f"}
[2018-08-15 17:07:16] app.INFO: 200 OK {"status":200,"method":"GET","route":"/admin","params":[]} {"uid":"37a2673"}
[2018-08-15 19:19:37] app.INFO: 200 OK {"status":200,"method":"GET","route":"/admin","params":[]} {"uid":"c30428b"}
[2018-08-15 19:19:40] app.INFO: 200 OK {"status":200,"method":"GET","route":"/admin","params":[]} {"uid":"5123421"}
[2018-08-15 19:20:49] app.INFO: 200 OK {"status":200,"method":"GET","route":"/admin","params":[]} {"uid":"84f41fc"}
[2018-08-15 19:20:51] app.INFO: 200 OK {"status":200,"method":"GET","route":"/admin","params":[]} {"uid":"2b00146"}
[2018-08-15 17:38:20] app.INFO: 200 OK {"status":200,"method":"GET","route":"/users/signin","params":[]} {"uid":"e4a15a1"}
[2018-08-15 17:38:26] app.INFO: 302 Found {"status":302,"method":"POST","route":"/users/signin","params":[]} {"uid":"a504e61"}
[2018-08-15 17:38:26] app.INFO: 200 OK {"status":200,"method":"GET","route":"/users/profile","params":[]} {"uid":"83d0840"}
[2018-08-15 19:38:30] app.INFO: 200 OK {"status":200,"method":"GET","route":"/admin","params":[]} {"uid":"657756a"}
[2018-08-15 20:06:48] app.INFO: 200 OK {"status":200,"method":"GET","route":"/admin","params":[]} {"uid":"78c0bc1"}
[2018-08-15 20:13:53] app.INFO: 200 OK {"status":200,"method":"GET","route":"/admin","params":[]} {"uid":"b2eac4d"}
[2018-08-15 20:38:25] app.INFO: 200 OK {"status":200,"method":"GET","route":"/admin","params":[]} {"uid":"43e637a"}
[2018-08-15 20:38:27] app.INFO: 200 OK {"status":200,"method":"GET","route":"/admin/professional_types","params":[]} {"uid":"40871b4"}
[2018-08-15 20:38:31] app.INFO: 200 OK {"status":200,"method":"GET","route":"/admin/products_type","params":[]} {"uid":"41eb871"}
[2018-08-15 20:57:45] app.INFO: 200 OK {"status":200,"method":"GET","route":"/admin/products_type/add","params":[]} {"uid":"6dc3b8e"}
[2018-08-15 21:06:33] app.INFO: 200 OK {"status":200,"method":"GET","route":"/admin/products_type/add","params":[]} {"uid":"f386a8e"}
[2018-08-15 21:36:42] app.INFO: 200 OK {"status":200,"method":"GET","route":"/admin/professional_types","params":[]} {"uid":"6aef245"}
[2018-08-15 21:37:17] app.INFO: 200 OK {"status":200,"method":"GET","route":"/admin/products_type","params":[]} {"uid":"be2f173"}
[2018-08-15 21:37:38] app.INFO: 200 OK {"status":200,"method":"GET","route":"/admin/products_type/add","params":[]} {"uid":"acc49cd"}
[2018-08-15 22:05:27] app.INFO: 200 OK {"status":200,"method":"GET","route":"/admin/products_type/add","params":[]} {"uid":"10c7772"}
[2018-08-15 22:05:34] app.INFO: 200 OK {"status":200,"method":"GET","route":"/admin/products_type","params":[]} {"uid":"00b5e2c"}
[2018-08-15 22:05:36] app.INFO: 200 OK {"status":200,"method":"GET","route":"/admin/products_type/add","params":[]} {"uid":"46997f3"}
[2018-08-15 20:26:55] app.INFO: 200 OK {"status":200,"method":"GET","route":"/users/signin","params":[]} {"uid":"da391a9"}
[2018-08-15 20:27:01] app.INFO: 302 Found {"status":302,"method":"POST","route":"/users/signin","params":[]} {"uid":"9ae6033"}
[2018-08-15 20:27:01] app.INFO: 200 OK {"status":200,"method":"GET","route":"/users/profile","params":[]} {"uid":"0194fa7"}
[2018-08-15 22:27:04] app.INFO: 200 OK {"status":200,"method":"GET","route":"/admin","params":[]} {"uid":"1496eec"}
[2018-08-15 22:27:07] app.INFO: 200 OK {"status":200,"method":"GET","route":"/admin/products_type","params":[]} {"uid":"7d14500"}
[2018-08-15 22:27:10] app.INFO: 200 OK {"status":200,"method":"GET","route":"/admin/products_type/add","params":[]} {"uid":"fc8e757"}
[2018-08-15 22:27:22] app.INFO: 302 Found {"status":302,"method":"POST","route":"/admin/products_type/add","params":[]} {"uid":"7bad873"}
[2018-08-15 22:27:22] app.INFO: 200 OK {"status":200,"method":"GET","route":"/admin/products_type","params":[]} {"uid":"b796c54"}
[2018-08-15 22:27:36] app.INFO: 200 OK {"status":200,"method":"GET","route":"/admin/products_type/edit/1","params":[]} {"uid":"18b52e0"}
[2018-08-15 22:27:45] app.INFO: 302 Found {"status":302,"method":"POST","route":"/admin/products_type/update","params":[]} {"uid":"c171c4b"}
[2018-08-15 22:27:46] app.INFO: 200 OK {"status":200,"method":"GET","route":"/admin/products_type","params":[]} {"uid":"e433323"}
[2018-08-15 22:27:54] app.INFO: 200 OK {"status":200,"method":"GET","route":"/admin/products_type/add","params":[]} {"uid":"340d47e"}
[2018-08-15 22:28:07] app.INFO: 302 Found {"status":302,"method":"POST","route":"/admin/products_type/add","params":[]} {"uid":"caad39d"}
[2018-08-15 22:28:07] app.INFO: 200 OK {"status":200,"method":"GET","route":"/admin/products_type","params":[]} {"uid":"445298d"}
[2018-08-15 22:28:14] app.INFO: 302 Found {"status":302,"method":"GET","route":"/admin/products_type/remove/3","params":[]} {"uid":"88716f0"}
[2018-08-15 22:28:14] app.INFO: 200 OK {"status":200,"method":"GET","route":"/admin/products_type","params":[]} {"uid":"3176730"}
[2018-08-15 22:31:44] app.INFO: 200 OK {"status":200,"method":"GET","route":"/admin","params":[]} {"uid":"8cf076f"}
[2018-08-15 22:31:46] app.INFO: 200 OK {"status":200,"method":"GET","route":"/admin/patients","params":[]} {"uid":"68374d9"}
[2018-08-15 22:31:50] app.INFO: 200 OK {"status":200,"method":"GET","route":"/admin","params":[]} {"uid":"eecc88c"}
[2018-08-15 22:31:53] app.INFO: 200 OK {"status":200,"method":"GET","route":"/admin/professionals","params":[]} {"uid":"ad53893"}
[2018-08-15 22:31:57] app.INFO: 200 OK {"status":200,"method":"GET","route":"/admin/patients","params":[]} {"uid":"189a530"}
[2018-08-15 22:36:51] app.INFO: 200 OK {"status":200,"method":"GET","route":"/admin/patients/add","params":[]} {"uid":"f83b8fc"}
[2018-08-15 22:41:02] app.INFO: 200 OK {"status":200,"method":"GET","route":"/admin/professionals","params":[]} {"uid":"62b5195"}
[2018-08-15 22:41:07] app.INFO: 200 OK {"status":200,"method":"GET","route":"/admin/professionals/add","params":[]} {"uid":"7bd26ea"}
[2018-08-15 22:43:28] app.INFO: 200 OK {"status":200,"method":"GET","route":"/admin/products","params":[]} {"uid":"786b401"}
[2018-08-15 22:43:30] app.INFO: 200 OK {"status":200,"method":"GET","route":"/admin/products/add","params":[]} {"uid":"7ec39ba"}
[2018-08-15 22:50:31] app.INFO: 200 OK {"status":200,"method":"GET","route":"/admin/attendances","params":[]} {"uid":"f54411a"}
[2018-08-15 22:50:32] app.INFO: 200 OK {"status":200,"method":"GET","route":"/admin/professionals","params":[]} {"uid":"1582731"}
[2018-08-15 22:50:34] app.INFO: 200 OK {"status":200,"method":"GET","route":"/admin/professionals/add","params":[]} {"uid":"0737bc9"}
[2018-08-15 22:53:14] app.INFO: 200 OK {"status":200,"method":"GET","route":"/admin/products","params":[]} {"uid":"67c7725"}
[2018-08-15 22:53:17] app.INFO: 200 OK {"status":200,"method":"GET","route":"/admin/products/add","params":[]} {"uid":"fdd1be7"}
[2018-08-15 22:54:45] app.INFO: 200 OK {"status":200,"method":"GET","route":"/admin/products/add","params":[]} {"uid":"3c343f3"}
[2018-08-15 22:55:03] app.INFO: 200 OK {"status":200,"method":"GET","route":"/admin/products/add","params":[]} {"uid":"09973f9"}
[2018-08-15 22:56:19] app.INFO: 200 OK {"status":200,"method":"GET","route":"/admin/products","params":[]} {"uid":"2b4f934"}
[2018-08-15 22:56:21] app.INFO: 200 OK {"status":200,"method":"GET","route":"/admin/products/edit/1","params":[]} {"uid":"a4e9eb6"}
[2018-08-15 22:56:29] app.INFO: 302 Found {"status":302,"method":"POST","route":"/admin/products/update","params":[]} {"uid":"5652f64"}
[2018-08-15 22:56:30] app.INFO: 200 OK {"status":200,"method":"GET","route":"/admin/products","params":[]} {"uid":"dc7b6ec"}
[2018-08-15 22:56:37] app.INFO: 200 OK {"status":200,"method":"GET","route":"/admin/products_type","params":[]} {"uid":"459e601"}
[2018-08-15 22:56:42] app.INFO: 200 OK {"status":200,"method":"GET","route":"/admin/products","params":[]} {"uid":"e31b371"}
[2018-08-15 22:56:44] app.INFO: 200 OK {"status":200,"method":"GET","route":"/admin/products/edit/1","params":[]} {"uid":"6834f58"}
