[2018-08-17 16:16:00] app.INFO: 200 OK {"status":200,"method":"GET","route":"/admin/products","params":[]} {"uid":"832b10b"}
[2018-08-17 16:16:04] app.INFO: 200 OK {"status":200,"method":"GET","route":"/admin/products/add","params":[]} {"uid":"cc888b8"}
[2018-08-17 16:16:18] app.INFO: 200 OK {"status":200,"method":"GET","route":"/admin/products","params":[]} {"uid":"a4a31e9"}
[2018-08-17 16:16:22] app.INFO: 200 OK {"status":200,"method":"GET","route":"/admin/products/add","params":[]} {"uid":"4af85bf"}
[2018-08-17 16:16:25] app.INFO: 200 OK {"status":200,"method":"GET","route":"/admin/products","params":[]} {"uid":"2c239b5"}
[2018-08-17 16:18:15] app.INFO: 200 OK {"status":200,"method":"GET","route":"/admin/products","params":[]} {"uid":"0c9f872"}
[2018-08-17 16:18:18] app.INFO: 200 OK {"status":200,"method":"GET","route":"/admin/products/add","params":[]} {"uid":"1f5f65d"}
[2018-08-17 16:18:55] app.INFO: 200 OK {"status":200,"method":"GET","route":"/admin/products/add","params":[]} {"uid":"892421f"}
[2018-08-17 16:21:03] app.INFO: 200 OK {"status":200,"method":"GET","route":"/admin/patients","params":[]} {"uid":"a244dfc"}
[2018-08-17 16:21:06] app.INFO: 200 OK {"status":200,"method":"GET","route":"/admin/patients/add","params":[]} {"uid":"3962384"}
[2018-08-17 16:23:38] app.INFO: 200 OK {"status":200,"method":"GET","route":"/admin/patients","params":[]} {"uid":"7e52d2c"}
[2018-08-17 16:23:39] app.INFO: 200 OK {"status":200,"method":"GET","route":"/admin/products/add","params":[]} {"uid":"d625646"}
[2018-08-17 16:27:13] app.INFO: 200 OK {"status":200,"method":"GET","route":"/admin/products/add","params":[]} {"uid":"28e6c37"}
[2018-08-17 16:48:04] app.INFO: 200 OK {"status":200,"method":"GET","route":"/admin/products","params":[]} {"uid":"fa25520"}
[2018-08-17 16:49:01] app.INFO: 200 OK {"status":200,"method":"GET","route":"/admin/products/edit/1","params":[]} {"uid":"68c6261"}
[2018-08-17 16:49:42] app.INFO: 200 OK {"status":200,"method":"GET","route":"/admin/products/edit/1","params":[]} {"uid":"a0886a7"}
[2018-08-17 16:50:14] app.INFO: 200 OK {"status":200,"method":"GET","route":"/admin/products/edit/1","params":[]} {"uid":"51a583d"}
[2018-08-17 16:50:43] app.INFO: 200 OK {"status":200,"method":"GET","route":"/admin/products/edit/1","params":[]} {"uid":"a7d6f43"}
[2018-08-17 17:23:40] app.INFO: 200 OK {"status":200,"method":"GET","route":"/admin/products","params":[]} {"uid":"e98cca7"}
[2018-08-17 18:54:45] app.INFO: 200 OK {"status":200,"method":"GET","route":"/admin/products/add","params":[]} {"uid":"b1d1507"}
[2018-08-17 18:54:51] app.INFO: 200 OK {"status":200,"method":"GET","route":"/admin/products","params":[]} {"uid":"56dabd4"}
[2018-08-17 18:54:56] app.INFO: 200 OK {"status":200,"method":"GET","route":"/admin/products/edit/1","params":[]} {"uid":"046166c"}
[2018-08-17 18:54:59] app.INFO: 200 OK {"status":200,"method":"GET","route":"/admin/products","params":[]} {"uid":"e478413"}
[2018-08-17 18:55:58] app.INFO: 200 OK {"status":200,"method":"GET","route":"/admin/products_type","params":[]} {"uid":"cfbcb46"}
[2018-08-17 18:56:06] app.INFO: 200 OK {"status":200,"method":"GET","route":"/admin/products_type/edit/1","params":[]} {"uid":"46a0e9b"}
[2018-08-17 18:56:09] app.INFO: 200 OK {"status":200,"method":"GET","route":"/admin/products_type","params":[]} {"uid":"631aa52"}
[2018-08-17 18:56:20] app.INFO: 200 OK {"status":200,"method":"GET","route":"/admin/products","params":[]} {"uid":"80645c2"}
[2018-08-17 18:56:23] app.INFO: 200 OK {"status":200,"method":"GET","route":"/admin/products/edit/1","params":[]} {"uid":"5b67f2b"}
[2018-08-17 18:56:29] app.INFO: 200 OK {"status":200,"method":"GET","route":"/admin/products","params":[]} {"uid":"7615b1d"}
[2018-08-17 18:58:49] app.INFO: 200 OK {"status":200,"method":"GET","route":"/admin/products","params":[]} {"uid":"5cac043"}
[2018-08-17 18:59:35] app.INFO: 200 OK {"status":200,"method":"GET","route":"/admin/products","params":[]} {"uid":"421139d"}
[2018-08-17 18:59:42] app.INFO: 200 OK {"status":200,"method":"GET","route":"/admin/products","params":[]} {"uid":"95b729d"}
[2018-08-17 19:00:01] app.INFO: 200 OK {"status":200,"method":"GET","route":"/admin/products/add","params":[]} {"uid":"4547908"}
[2018-08-17 19:00:06] app.INFO: 200 OK {"status":200,"method":"GET","route":"/admin/products","params":[]} {"uid":"1695a09"}
[2018-08-17 19:00:11] app.INFO: 200 OK {"status":200,"method":"GET","route":"/admin/patients","params":[]} {"uid":"830e6f8"}
[2018-08-17 21:09:42] app.INFO: 200 OK {"status":200,"method":"GET","route":"/admin/products","params":[]} {"uid":"add3532"}
[2018-08-17 21:09:43] app.INFO: 200 OK {"status":200,"method":"GET","route":"/admin/products/add","params":[]} {"uid":"6fc2fa9"}
