[2018-08-29 02:57:39] app.INFO: 200 OK {"status":200,"method":"GET","route":"/admin/products","params":[]} {"uid":"cb6090e"}
[2018-08-29 03:01:07] app.INFO: 200 OK {"status":200,"method":"GET","route":"/admin/patients","params":[]} {"uid":"429669f"}
[2018-08-29 04:24:58] app.INFO: 200 OK {"status":200,"method":"GET","route":"/admin/patients","params":[]} {"uid":"eb462a7"}
[2018-08-29 04:26:08] app.INFO: 200 OK {"status":200,"method":"GET","route":"/admin/products","params":[]} {"uid":"08d514b"}
[2018-08-29 13:50:20] app.INFO: 200 OK {"status":200,"method":"GET","route":"/admin/products","params":[]} {"uid":"4768f19"}
[2018-08-29 12:03:47] app.INFO: 200 OK {"status":200,"method":"GET","route":"/","params":[]} {"uid":"c857039"}
[2018-08-29 12:03:47] app.INFO: 200 OK {"status":200,"method":"GET","route":"/users/signin","params":[]} {"uid":"7c8af7e"}
[2018-08-29 12:03:49] app.INFO: 200 OK {"status":200,"method":"GET","route":"/users/signin","params":[]} {"uid":"84d04f5"}
[2018-08-29 12:03:55] app.INFO: 302 Found {"status":302,"method":"POST","route":"/users/signin","params":[]} {"uid":"bf8d0cd"}
[2018-08-29 12:03:56] app.INFO: 200 OK {"status":200,"method":"GET","route":"/users/profile","params":[]} {"uid":"aca1c8c"}
[2018-08-29 14:03:59] app.INFO: 200 OK {"status":200,"method":"GET","route":"/admin","params":[]} {"uid":"f299e45"}
[2018-08-29 14:04:03] app.INFO: 200 OK {"status":200,"method":"GET","route":"/admin/products","params":[]} {"uid":"9d35bad"}
[2018-08-29 14:21:23] app.INFO: 200 OK {"status":200,"method":"GET","route":"/admin/products","params":[]} {"uid":"eaed28d"}
[2018-08-29 14:21:25] app.INFO: 200 OK {"status":200,"method":"GET","route":"/admin/professionals","params":[]} {"uid":"d52ebd7"}
[2018-08-29 14:21:27] app.INFO: 200 OK {"status":200,"method":"GET","route":"/admin/professionals/add","params":[]} {"uid":"0e17e6f"}
[2018-08-29 14:21:30] app.INFO: 200 OK {"status":200,"method":"POST","route":"/admin/professionals/verifyUserByEmail","params":[]} {"uid":"5f49e26"}
[2018-08-29 14:21:36] app.INFO: 302 Found {"status":302,"method":"POST","route":"/admin/professionals/add","params":[]} {"uid":"7e584b5"}
[2018-08-29 14:21:36] app.INFO: 200 OK {"status":200,"method":"GET","route":"/admin/professionals","params":[]} {"uid":"3250679"}
[2018-08-29 14:21:58] app.INFO: 200 OK {"status":200,"method":"GET","route":"/admin/patients","params":[]} {"uid":"ecbdd52"}
[2018-08-29 14:22:00] app.INFO: 200 OK {"status":200,"method":"GET","route":"/admin/patients/add","params":[]} {"uid":"f1c853b"}
[2018-08-29 14:22:03] app.INFO: 200 OK {"status":200,"method":"POST","route":"/admin/patients/verifyUserByEmail","params":[]} {"uid":"6f22a87"}
[2018-08-29 14:22:06] app.INFO: 302 Found {"status":302,"method":"POST","route":"/admin/patients/add","params":[]} {"uid":"7fdf71a"}
[2018-08-29 14:22:06] app.INFO: 200 OK {"status":200,"method":"GET","route":"/admin/patients","params":[]} {"uid":"0f14176"}
[2018-08-29 14:22:28] app.INFO: 200 OK {"status":200,"method":"GET","route":"/admin/products","params":[]} {"uid":"467f413"}
[2018-08-29 14:22:30] app.INFO: 200 OK {"status":200,"method":"GET","route":"/admin/products/add","params":[]} {"uid":"09b3215"}
[2018-08-29 14:27:36] app.INFO: 200 OK {"status":200,"method":"GET","route":"/admin/patients","params":[]} {"uid":"0816c99"}
[2018-08-29 14:28:03] app.INFO: 200 OK {"status":200,"method":"GET","route":"/admin/products","params":[]} {"uid":"bdf0abf"}
[2018-08-29 14:28:14] app.INFO: 200 OK {"status":200,"method":"GET","route":"/admin/products","params":[]} {"uid":"ebd4381"}
[2018-08-29 14:53:55] app.INFO: 200 OK {"status":200,"method":"GET","route":"/admin/products","params":[]} {"uid":"828455f"}
[2018-08-29 14:55:16] app.INFO: 200 OK {"status":200,"method":"GET","route":"/admin/products/add","params":[]} {"uid":"5eabfbb"}
[2018-08-29 14:55:18] app.INFO: 200 OK {"status":200,"method":"GET","route":"/admin/products","params":[]} {"uid":"b695bcd"}
[2018-08-29 14:56:53] app.INFO: 200 OK {"status":200,"method":"GET","route":"/admin/products","params":[]} {"uid":"abd1231"}
[2018-08-29 15:18:07] app.INFO: 200 OK {"status":200,"method":"GET","route":"/admin/products/history/2","params":[]} {"uid":"b2deb29"}
[2018-08-29 13:30:58] app.INFO: 200 OK {"status":200,"method":"GET","route":"/users/signin","params":[]} {"uid":"2f13106"}
[2018-08-29 13:31:04] app.INFO: 302 Found {"status":302,"method":"POST","route":"/users/signin","params":[]} {"uid":"3a5e5e0"}
[2018-08-29 13:31:04] app.INFO: 200 OK {"status":200,"method":"GET","route":"/users/profile","params":[]} {"uid":"6a3a31c"}
[2018-08-29 15:31:08] app.INFO: 200 OK {"status":200,"method":"GET","route":"/admin","params":[]} {"uid":"7366b74"}
[2018-08-29 15:31:11] app.INFO: 200 OK {"status":200,"method":"GET","route":"/admin/products","params":[]} {"uid":"f887f79"}
[2018-08-29 15:31:14] app.INFO: 200 OK {"status":200,"method":"GET","route":"/admin/products/history/1","params":[]} {"uid":"9f1308f"}
[2018-08-29 15:31:16] app.INFO: 200 OK {"status":200,"method":"GET","route":"/admin/products","params":[]} {"uid":"c05b21b"}
[2018-08-29 15:31:18] app.INFO: 200 OK {"status":200,"method":"GET","route":"/admin/products/add","params":[]} {"uid":"2bb0c25"}
[2018-08-29 15:31:40] app.INFO: 302 Found {"status":302,"method":"POST","route":"/admin/products/add","params":[]} {"uid":"5649be1"}
[2018-08-29 15:31:40] app.INFO: 200 OK {"status":200,"method":"GET","route":"/admin/products","params":[]} {"uid":"cfe4470"}
[2018-08-29 15:31:42] app.INFO: 200 OK {"status":200,"method":"GET","route":"/admin/products/history/2","params":[]} {"uid":"88d71a9"}
[2018-08-29 15:34:50] app.INFO: 200 OK {"status":200,"method":"GET","route":"/admin/products","params":[]} {"uid":"3d2be6a"}
[2018-08-29 15:34:53] app.INFO: 200 OK {"status":200,"method":"GET","route":"/admin/products/edit/2","params":[]} {"uid":"28db2a6"}
[2018-08-29 15:34:57] app.INFO: 200 OK {"status":200,"method":"GET","route":"/admin/products","params":[]} {"uid":"6d4a6c0"}
[2018-08-29 15:34:59] app.INFO: 200 OK {"status":200,"method":"GET","route":"/admin/products/add","params":[]} {"uid":"918fce2"}
[2018-08-29 15:36:19] app.INFO: 200 OK {"status":200,"method":"GET","route":"/admin/products/add","params":[]} {"uid":"e3ef218"}
[2018-08-29 15:37:12] app.INFO: 200 OK {"status":200,"method":"GET","route":"/admin/products/add","params":[]} {"uid":"1c061ce"}
[2018-08-29 15:37:16] app.INFO: 200 OK {"status":200,"method":"GET","route":"/admin/products","params":[]} {"uid":"fc37f9e"}
[2018-08-29 15:37:18] app.INFO: 200 OK {"status":200,"method":"GET","route":"/admin/products/edit/1","params":[]} {"uid":"77b8d62"}
[2018-08-29 15:38:03] app.INFO: 200 OK {"status":200,"method":"GET","route":"/admin/products","params":[]} {"uid":"7df6d6b"}
[2018-08-29 15:38:06] app.INFO: 200 OK {"status":200,"method":"GET","route":"/admin/products/add","params":[]} {"uid":"53a762b"}
[2018-08-29 15:38:54] app.INFO: 200 OK {"status":200,"method":"GET","route":"/admin/products/add","params":[]} {"uid":"83325ae"}
[2018-08-29 15:39:13] app.INFO: 200 OK {"status":200,"method":"GET","route":"/admin/products_type","params":[]} {"uid":"2de9fd5"}
[2018-08-29 15:39:16] app.INFO: 200 OK {"status":200,"method":"GET","route":"/admin/products_type/edit/1","params":[]} {"uid":"c5d1ca4"}
[2018-08-29 15:39:23] app.INFO: 200 OK {"status":200,"method":"GET","route":"/admin/products_type","params":[]} {"uid":"8e30e24"}
[2018-08-29 15:39:25] app.INFO: 200 OK {"status":200,"method":"GET","route":"/admin/products_type/add","params":[]} {"uid":"d2c21cf"}
[2018-08-29 15:39:28] app.INFO: 200 OK {"status":200,"method":"GET","route":"/admin/professionals","params":[]} {"uid":"0cf5b54"}
[2018-08-29 15:42:46] app.INFO: 200 OK {"status":200,"method":"GET","route":"/admin/products","params":[]} {"uid":"89ca32a"}
[2018-08-29 15:42:47] app.INFO: 200 OK {"status":200,"method":"GET","route":"/admin/products/add","params":[]} {"uid":"a4cea85"}
[2018-08-29 15:47:35] app.INFO: 200 OK {"status":200,"method":"GET","route":"/admin/products/add","params":[]} {"uid":"256d11e"}
[2018-08-29 15:47:53] app.INFO: 200 OK {"status":200,"method":"GET","route":"/admin/products","params":[]} {"uid":"9924a36"}
[2018-08-29 15:47:56] app.INFO: 200 OK {"status":200,"method":"GET","route":"/admin/products/edit/1","params":[]} {"uid":"2c7ca5e"}
[2018-08-29 15:48:01] app.INFO: 200 OK {"status":200,"method":"GET","route":"/admin/products","params":[]} {"uid":"89fee2c"}
[2018-08-29 15:48:03] app.INFO: 200 OK {"status":200,"method":"GET","route":"/admin/products/add","params":[]} {"uid":"38237b0"}
[2018-08-29 15:48:07] app.INFO: 200 OK {"status":200,"method":"GET","route":"/admin/products","params":[]} {"uid":"4480750"}
[2018-08-29 15:48:39] app.INFO: 200 OK {"status":200,"method":"GET","route":"/admin/products","params":[]} {"uid":"cef77a0"}
[2018-08-29 15:48:42] app.INFO: 200 OK {"status":200,"method":"GET","route":"/admin/products/add","params":[]} {"uid":"5d11416"}
[2018-08-29 15:56:02] app.INFO: 200 OK {"status":200,"method":"GET","route":"/admin/products/add","params":[]} {"uid":"2d7aee9"}
[2018-08-29 15:56:06] app.INFO: 200 OK {"status":200,"method":"GET","route":"/admin/products","params":[]} {"uid":"1bc7310"}
[2018-08-29 15:56:08] app.INFO: 200 OK {"status":200,"method":"GET","route":"/admin/products/add","params":[]} {"uid":"4588e24"}
[2018-08-29 15:57:52] app.INFO: 200 OK {"status":200,"method":"GET","route":"/admin/products/add","params":[]} {"uid":"b2ac5de"}
[2018-08-29 15:57:56] app.INFO: 302 Found {"status":302,"method":"POST","route":"/admin/products/add","params":[]} {"uid":"c2f168b"}
[2018-08-29 15:57:56] app.INFO: 200 OK {"status":200,"method":"GET","route":"/admin/products","params":[]} {"uid":"10af56a"}
[2018-08-29 15:59:54] app.INFO: 200 OK {"status":200,"method":"GET","route":"/admin/products/add","params":[]} {"uid":"8556e0e"}
[2018-08-29 15:59:59] app.INFO: 200 OK {"status":200,"method":"GET","route":"/admin/products","params":[]} {"uid":"2ecbe9a"}
[2018-08-29 16:00:01] app.INFO: 200 OK {"status":200,"method":"GET","route":"/admin/products/edit/1","params":[]} {"uid":"a3e97ba"}
[2018-08-29 16:00:25] app.INFO: 200 OK {"status":200,"method":"GET","route":"/admin/products","params":[]} {"uid":"6a930d7"}
[2018-08-29 16:00:29] app.INFO: 200 OK {"status":200,"method":"GET","route":"/admin/products/history/2","params":[]} {"uid":"f0a0d1d"}
[2018-08-29 16:00:35] app.INFO: 200 OK {"status":200,"method":"GET","route":"/admin/products","params":[]} {"uid":"a04cc4a"}
[2018-08-29 18:46:32] app.INFO: 200 OK {"status":200,"method":"GET","route":"/admin/products","params":[]} {"uid":"291e8a3"}
[2018-08-29 18:46:48] app.INFO: 200 OK {"status":200,"method":"GET","route":"/admin/products/history/2","params":[]} {"uid":"e327ee7"}
[2018-08-29 19:05:26] app.INFO: 200 OK {"status":200,"method":"GET","route":"/admin/products","params":[]} {"uid":"b75d313"}
[2018-08-29 19:05:46] app.INFO: 200 OK {"status":200,"method":"GET","route":"/admin/products/history/2","params":[]} {"uid":"1b0e0b8"}
[2018-08-29 19:14:56] app.INFO: 200 OK {"status":200,"method":"GET","route":"/admin/products/history/2","params":[]} {"uid":"10573f9"}
[2018-08-29 19:15:12] app.INFO: 200 OK {"status":200,"method":"GET","route":"/admin/products/history/2","params":[]} {"uid":"d3d5736"}
[2018-08-29 19:15:20] app.INFO: 200 OK {"status":200,"method":"GET","route":"/admin/products/history/2","params":[]} {"uid":"db96c99"}
[2018-08-29 19:15:28] app.INFO: 200 OK {"status":200,"method":"GET","route":"/admin/products/history/2","params":[]} {"uid":"d90f912"}
[2018-08-29 19:15:34] app.INFO: 200 OK {"status":200,"method":"GET","route":"/admin/products/history/2","params":[]} {"uid":"07dfe24"}
[2018-08-29 19:15:37] app.INFO: 200 OK {"status":200,"method":"GET","route":"/admin/products","params":[]} {"uid":"bbf5503"}
[2018-08-29 19:15:39] app.INFO: 200 OK {"status":200,"method":"GET","route":"/admin/products/history/2","params":[]} {"uid":"ecfddeb"}
[2018-08-29 19:15:55] app.INFO: 200 OK {"status":200,"method":"GET","route":"/admin/products/history/2","params":[]} {"uid":"b31262d"}
[2018-08-29 19:16:30] app.INFO: 200 OK {"status":200,"method":"GET","route":"/admin/products/history/2","params":[]} {"uid":"45fdf4d"}
[2018-08-29 19:16:39] app.INFO: 200 OK {"status":200,"method":"GET","route":"/admin/products/history/2","params":[]} {"uid":"2387460"}
[2018-08-29 19:18:05] app.INFO: 200 OK {"status":200,"method":"GET","route":"/admin/products/history/2","params":[]} {"uid":"ace6ce4"}
[2018-08-29 19:41:07] app.INFO: 200 OK {"status":200,"method":"GET","route":"/admin/products","params":[]} {"uid":"b668e60"}
[2018-08-29 19:41:12] app.INFO: 200 OK {"status":200,"method":"GET","route":"/admin/products/add","params":[]} {"uid":"73fcf31"}
[2018-08-29 20:47:06] app.INFO: 200 OK {"status":200,"method":"GET","route":"/admin/products/add","params":[]} {"uid":"e87e345"}
[2018-08-29 20:47:10] app.INFO: 200 OK {"status":200,"method":"GET","route":"/admin/products","params":[]} {"uid":"4519b02"}
[2018-08-29 20:47:11] app.INFO: 200 OK {"status":200,"method":"GET","route":"/admin/products/history/2","params":[]} {"uid":"1d7c124"}
[2018-08-29 20:49:02] app.INFO: 200 OK {"status":200,"method":"GET","route":"/admin/products/history/2","params":[]} {"uid":"75fdbde"}
[2018-08-29 20:53:07] app.INFO: 200 OK {"status":200,"method":"GET","route":"/admin/patients","params":[]} {"uid":"a3f125f"}
[2018-08-29 20:53:09] app.INFO: 200 OK {"status":200,"method":"GET","route":"/admin/patients/add","params":[]} {"uid":"ec156fe"}
[2018-08-29 20:53:12] app.INFO: 200 OK {"status":200,"method":"POST","route":"/admin/patients/verifyUserByEmail","params":[]} {"uid":"d78c4cf"}
[2018-08-29 20:53:14] app.INFO: 302 Found {"status":302,"method":"POST","route":"/admin/patients/add","params":[]} {"uid":"6804a31"}
[2018-08-29 20:53:14] app.INFO: 200 OK {"status":200,"method":"GET","route":"/admin/patients","params":[]} {"uid":"0bd32c2"}
[2018-08-29 20:53:35] app.INFO: 200 OK {"status":200,"method":"GET","route":"/admin/products","params":[]} {"uid":"dcce985"}
[2018-08-29 20:53:39] app.INFO: 302 Found {"status":302,"method":"GET","route":"/admin/products/remove/2","params":[]} {"uid":"85b4178"}
[2018-08-29 20:53:39] app.INFO: 200 OK {"status":200,"method":"GET","route":"/admin/products","params":[]} {"uid":"a1a6be9"}
[2018-08-29 20:53:40] app.INFO: 200 OK {"status":200,"method":"GET","route":"/admin/products/add","params":[]} {"uid":"bbe9e41"}
[2018-08-29 20:53:47] app.INFO: 302 Found {"status":302,"method":"POST","route":"/admin/products/add","params":[]} {"uid":"5118526"}
[2018-08-29 20:53:47] app.INFO: 200 OK {"status":200,"method":"GET","route":"/admin/products","params":[]} {"uid":"c64b5aa"}
[2018-08-29 19:22:19] app.INFO: 200 OK {"status":200,"method":"GET","route":"/users/signin","params":[]} {"uid":"800f9dc"}
