[2018-08-16 16:32:07] app.INFO: 200 OK {"status":200,"method":"GET","route":"/admin","params":[]} {"uid":"ab5ceb3"}
[2018-08-16 16:32:08] app.INFO: 200 OK {"status":200,"method":"GET","route":"/admin","params":[]} {"uid":"11ed100"}
[2018-08-16 16:32:08] app.INFO: 200 OK {"status":200,"method":"GET","route":"/admin","params":[]} {"uid":"772ffe4"}
[2018-08-16 16:32:08] app.INFO: 200 OK {"status":200,"method":"GET","route":"/admin","params":[]} {"uid":"ccf814d"}
[2018-08-16 16:32:14] app.INFO: 200 OK {"status":200,"method":"GET","route":"/admin/products_type","params":[]} {"uid":"cf76139"}
[2018-08-16 16:33:23] app.INFO: 200 OK {"status":200,"method":"GET","route":"/admin/products_type","params":[]} {"uid":"bcf11a6"}
[2018-08-16 16:33:27] app.INFO: 200 OK {"status":200,"method":"GET","route":"/admin/products","params":[]} {"uid":"2f54b1d"}
[2018-08-16 16:35:57] app.INFO: 200 OK {"status":200,"method":"GET","route":"/admin/products","params":[]} {"uid":"0891a04"}
[2018-08-16 16:36:03] app.INFO: 200 OK {"status":200,"method":"GET","route":"/admin/products","params":[]} {"uid":"95cf18b"}
[2018-08-16 16:44:09] app.INFO: 200 OK {"status":200,"method":"GET","route":"/admin/products","params":[]} {"uid":"9d5d29c"}
[2018-08-16 18:03:36] app.INFO: 200 OK {"status":200,"method":"GET","route":"/admin/products","params":[]} {"uid":"2a1fef9"}
[2018-08-16 18:03:39] app.INFO: 200 OK {"status":200,"method":"GET","route":"/admin/products/add","params":[]} {"uid":"743e929"}
[2018-08-16 18:51:17] app.INFO: 200 OK {"status":200,"method":"GET","route":"/admin/products","params":[]} {"uid":"ca76df9"}
[2018-08-16 18:51:21] app.INFO: 200 OK {"status":200,"method":"GET","route":"/admin/patients","params":[]} {"uid":"b32eb01"}
[2018-08-16 18:51:24] app.INFO: 200 OK {"status":200,"method":"GET","route":"/admin/patients/add","params":[]} {"uid":"567a280"}
[2018-08-16 18:51:34] app.INFO: 200 OK {"status":200,"method":"GET","route":"/admin/professionals","params":[]} {"uid":"e9df9a6"}
[2018-08-16 18:51:36] app.INFO: 200 OK {"status":200,"method":"GET","route":"/admin/professionals/add","params":[]} {"uid":"416710b"}
[2018-08-16 19:01:28] app.INFO: 200 OK {"status":200,"method":"GET","route":"/admin/products","params":[]} {"uid":"b930da8"}
[2018-08-16 19:07:52] app.INFO: 200 OK {"status":200,"method":"GET","route":"/admin/products/add","params":[]} {"uid":"2c80eea"}
[2018-08-16 19:08:11] app.INFO: 200 OK {"status":200,"method":"GET","route":"/admin/patients","params":[]} {"uid":"0b98c1c"}
[2018-08-16 19:08:16] app.INFO: 200 OK {"status":200,"method":"GET","route":"/admin/products","params":[]} {"uid":"89e251c"}
[2018-08-16 19:08:21] app.INFO: 200 OK {"status":200,"method":"GET","route":"/admin/products/add","params":[]} {"uid":"c86a0d3"}
[2018-08-16 19:08:50] app.INFO: 200 OK {"status":200,"method":"GET","route":"/admin/products_type","params":[]} {"uid":"99855ec"}
[2018-08-16 19:08:56] app.INFO: 200 OK {"status":200,"method":"GET","route":"/admin/products","params":[]} {"uid":"731c00d"}
[2018-08-16 19:09:13] app.INFO: 200 OK {"status":200,"method":"GET","route":"/admin/products","params":[]} {"uid":"836f42c"}
[2018-08-16 19:09:15] app.INFO: 200 OK {"status":200,"method":"GET","route":"/admin/products/add","params":[]} {"uid":"6817557"}
[2018-08-16 19:10:21] app.INFO: 200 OK {"status":200,"method":"GET","route":"/admin/products/add","params":[]} {"uid":"52ff3dc"}
[2018-08-16 19:10:59] app.INFO: 200 OK {"status":200,"method":"GET","route":"/admin/products","params":[]} {"uid":"91a8bdd"}
[2018-08-16 19:11:18] app.INFO: 200 OK {"status":200,"method":"GET","route":"/admin/patients","params":[]} {"uid":"1e00f8e"}
[2018-08-16 19:11:21] app.INFO: 200 OK {"status":200,"method":"GET","route":"/admin/professionals","params":[]} {"uid":"12c5dc4"}
[2018-08-16 19:11:22] app.INFO: 200 OK {"status":200,"method":"GET","route":"/admin/professionals","params":[]} {"uid":"492d803"}
[2018-08-16 19:11:24] app.INFO: 200 OK {"status":200,"method":"GET","route":"/admin/patients","params":[]} {"uid":"0e768db"}
[2018-08-16 19:11:27] app.INFO: 200 OK {"status":200,"method":"GET","route":"/admin/patients/add","params":[]} {"uid":"ddaa491"}
[2018-08-16 19:11:32] app.INFO: 200 OK {"status":200,"method":"POST","route":"/admin/patients/verifyUserByEmail","params":[]} {"uid":"39393a1"}
[2018-08-16 19:11:40] app.INFO: 302 Found {"status":302,"method":"POST","route":"/admin/patients/add","params":[]} {"uid":"378037f"}
[2018-08-16 19:11:41] app.INFO: 200 OK {"status":200,"method":"GET","route":"/admin/patients","params":[]} {"uid":"f44aba9"}
[2018-08-16 19:11:53] app.INFO: 200 OK {"status":200,"method":"GET","route":"/admin/patients/history/1","params":[]} {"uid":"348db84"}
[2018-08-16 19:12:12] app.INFO: 200 OK {"status":200,"method":"GET","route":"/admin/products","params":[]} {"uid":"a555f8d"}
[2018-08-16 19:12:56] app.INFO: 200 OK {"status":200,"method":"GET","route":"/admin/patients","params":[]} {"uid":"1860dbb"}
[2018-08-16 19:12:59] app.INFO: 200 OK {"status":200,"method":"GET","route":"/admin/patients/history/1","params":[]} {"uid":"7fa0270"}
[2018-08-16 19:20:18] app.INFO: 200 OK {"status":200,"method":"GET","route":"/admin/products","params":[]} {"uid":"956b068"}
[2018-08-16 19:20:22] app.INFO: 200 OK {"status":200,"method":"GET","route":"/admin/products/edit/1","params":[]} {"uid":"b4ad65b"}
[2018-08-16 19:21:02] app.INFO: 200 OK {"status":200,"method":"GET","route":"/admin/products","params":[]} {"uid":"2d5ae0d"}
[2018-08-16 19:32:00] app.INFO: 200 OK {"status":200,"method":"GET","route":"/admin/attendances","params":[]} {"uid":"4b89056"}
[2018-08-16 19:32:04] app.INFO: 200 OK {"status":200,"method":"GET","route":"/admin/attendances","params":[]} {"uid":"454ccfa"}
[2018-08-16 19:32:21] app.INFO: 200 OK {"status":200,"method":"GET","route":"/admin/professionals","params":[]} {"uid":"362e051"}
[2018-08-16 19:36:17] app.INFO: 200 OK {"status":200,"method":"GET","route":"/admin/products","params":[]} {"uid":"cbbdbae"}
[2018-08-16 19:36:19] app.INFO: 200 OK {"status":200,"method":"GET","route":"/admin","params":[]} {"uid":"5583a19"}
[2018-08-16 19:36:21] app.INFO: 200 OK {"status":200,"method":"GET","route":"/admin/patients","params":[]} {"uid":"375535f"}
[2018-08-16 19:36:23] app.INFO: 200 OK {"status":200,"method":"GET","route":"/admin/professionals","params":[]} {"uid":"e23054d"}
[2018-08-16 19:36:25] app.INFO: 200 OK {"status":200,"method":"GET","route":"/admin/attendances","params":[]} {"uid":"4de6d4e"}
[2018-08-16 20:04:36] app.INFO: 200 OK {"status":200,"method":"GET","route":"/admin/professionals","params":[]} {"uid":"9257abe"}
[2018-08-16 18:21:53] app.INFO: 200 OK {"status":200,"method":"GET","route":"/users/signin","params":[]} {"uid":"1049852"}
[2018-08-16 18:22:01] app.INFO: 302 Found {"status":302,"method":"POST","route":"/users/signin","params":[]} {"uid":"3154aa4"}
[2018-08-16 18:22:02] app.INFO: 200 OK {"status":200,"method":"GET","route":"/users/profile","params":[]} {"uid":"3f5a6ab"}
[2018-08-16 20:22:05] app.INFO: 200 OK {"status":200,"method":"GET","route":"/admin","params":[]} {"uid":"a60687c"}
[2018-08-16 20:22:09] app.INFO: 200 OK {"status":200,"method":"GET","route":"/admin/products","params":[]} {"uid":"28bf39c"}
[2018-08-16 20:22:12] app.INFO: 200 OK {"status":200,"method":"GET","route":"/admin/products/edit/1","params":[]} {"uid":"1b5c2b1"}
[2018-08-16 19:16:31] app.INFO: 200 OK {"status":200,"method":"GET","route":"/users/signin","params":[]} {"uid":"3354a2c"}
[2018-08-16 19:16:36] app.INFO: 302 Found {"status":302,"method":"POST","route":"/users/signin","params":[]} {"uid":"82a4b98"}
[2018-08-16 19:16:36] app.INFO: 200 OK {"status":200,"method":"GET","route":"/users/profile","params":[]} {"uid":"860f6a5"}
[2018-08-16 21:16:41] app.INFO: 200 OK {"status":200,"method":"GET","route":"/admin","params":[]} {"uid":"9d4c822"}
[2018-08-16 21:18:29] app.INFO: 200 OK {"status":200,"method":"GET","route":"/admin/products","params":[]} {"uid":"37a0c52"}
[2018-08-16 21:18:31] app.INFO: 200 OK {"status":200,"method":"GET","route":"/admin/products/edit/1","params":[]} {"uid":"f1cb83e"}
[2018-08-16 21:18:41] app.INFO: 200 OK {"status":200,"method":"GET","route":"/admin/products/edit/1","params":[]} {"uid":"a6d54e1"}
[2018-08-16 21:18:45] app.INFO: 200 OK {"status":200,"method":"GET","route":"/admin/products/edit/1","params":[]} {"uid":"8f7b3f5"}
[2018-08-16 21:40:14] app.INFO: 200 OK {"status":200,"method":"GET","route":"/admin/products","params":[]} {"uid":"573da7c"}
[2018-08-16 21:40:18] app.INFO: 200 OK {"status":200,"method":"GET","route":"/admin/products/edit/1","params":[]} {"uid":"8a312cf"}
[2018-08-16 21:40:53] app.INFO: 200 OK {"status":200,"method":"GET","route":"/admin/products/edit/1","params":[]} {"uid":"a1fba4f"}
