[2018-08-27 17:31:28] app.INFO: 200 OK {"status":200,"method":"GET","route":"/","params":[]} {"uid":"8dc8cc1"}
[2018-08-27 17:31:34] app.INFO: 200 OK {"status":200,"method":"GET","route":"/users/signin","params":[]} {"uid":"a2789c4"}
[2018-08-27 17:31:41] app.INFO: 302 Found {"status":302,"method":"POST","route":"/users/signin","params":[]} {"uid":"4c3696d"}
[2018-08-27 17:31:42] app.INFO: 200 OK {"status":200,"method":"GET","route":"/users/profile","params":[]} {"uid":"6ffb402"}
[2018-08-27 19:31:51] app.INFO: 200 OK {"status":200,"method":"GET","route":"/admin","params":[]} {"uid":"5faf5b7"}
[2018-08-27 19:32:04] app.INFO: 200 OK {"status":200,"method":"GET","route":"/admin/patients","params":[]} {"uid":"dc700ce"}
[2018-08-27 19:32:09] app.INFO: 200 OK {"status":200,"method":"GET","route":"/admin/patients/add","params":[]} {"uid":"028c8c2"}
[2018-08-27 19:32:13] app.INFO: 200 OK {"status":200,"method":"POST","route":"/admin/patients/verifyUserByEmail","params":[]} {"uid":"13d7e3c"}
[2018-08-27 19:32:18] app.INFO: 302 Found {"status":302,"method":"POST","route":"/admin/patients/add","params":[]} {"uid":"b5a530d"}
[2018-08-27 19:32:19] app.INFO: 200 OK {"status":200,"method":"GET","route":"/admin/patients","params":[]} {"uid":"9b6c00c"}
[2018-08-27 19:32:22] app.INFO: 200 OK {"status":200,"method":"GET","route":"/admin/patients/history/1","params":[]} {"uid":"3ca8cb7"}
[2018-08-27 19:58:54] app.INFO: 200 OK {"status":200,"method":"GET","route":"/admin/products","params":[]} {"uid":"dfd6242"}
[2018-08-27 19:58:58] app.INFO: 200 OK {"status":200,"method":"GET","route":"/admin/products","params":[]} {"uid":"1985ed5"}
[2018-08-27 20:03:47] app.INFO: 200 OK {"status":200,"method":"GET","route":"/admin/products","params":[]} {"uid":"7dfbad9"}
[2018-08-27 20:04:15] app.INFO: 200 OK {"status":200,"method":"GET","route":"/admin/products/add","params":[]} {"uid":"a985251"}
[2018-08-27 20:04:31] app.INFO: 302 Found {"status":302,"method":"POST","route":"/admin/products/add","params":[]} {"uid":"4299ce0"}
[2018-08-27 20:04:31] app.INFO: 200 OK {"status":200,"method":"GET","route":"/admin/products","params":[]} {"uid":"93d482d"}
[2018-08-27 20:04:42] app.INFO: 200 OK {"status":200,"method":"GET","route":"/admin/products","params":[]} {"uid":"abcb5b8"}
[2018-08-27 20:05:57] app.INFO: 200 OK {"status":200,"method":"GET","route":"/admin/products_type","params":[]} {"uid":"c8c86f5"}
[2018-08-27 20:17:02] app.INFO: 200 OK {"status":200,"method":"GET","route":"/admin/products","params":[]} {"uid":"ca489c9"}
[2018-08-27 20:38:21] app.INFO: 200 OK {"status":200,"method":"GET","route":"/admin/products","params":[]} {"uid":"6fb712b"}
[2018-08-27 20:38:31] app.INFO: 200 OK {"status":200,"method":"GET","route":"/admin/products","params":[]} {"uid":"5a93e6b"}
[2018-08-27 20:46:36] app.INFO: 200 OK {"status":200,"method":"GET","route":"/admin/products/","params":[]} {"uid":"23561f3"}
[2018-08-27 19:00:14] app.INFO: 200 OK {"status":200,"method":"GET","route":"/","params":[]} {"uid":"73eb8e4"}
[2018-08-27 19:00:14] app.INFO: 200 OK {"status":200,"method":"GET","route":"/","params":[]} {"uid":"f041544"}
[2018-08-27 21:00:23] app.INFO: 200 OK {"status":200,"method":"GET","route":"/admin","params":[]} {"uid":"14fe941"}
[2018-08-27 21:00:30] app.INFO: 200 OK {"status":200,"method":"GET","route":"/admin/products","params":[]} {"uid":"518b856"}
[2018-08-27 21:00:52] app.INFO: 200 OK {"status":200,"method":"GET","route":"/admin/products","params":[]} {"uid":"29d9b2e"}
[2018-08-27 21:30:24] app.INFO: 200 OK {"status":200,"method":"GET","route":"/admin/products","params":[]} {"uid":"3bf9e17"}
[2018-08-27 21:30:27] app.INFO: 200 OK {"status":200,"method":"GET","route":"/admin/products","params":[]} {"uid":"65e6fc7"}
[2018-08-27 21:05:12] app.INFO: 200 OK {"status":200,"method":"GET","route":"/users/signin","params":[]} {"uid":"0d171e2"}
[2018-08-27 21:05:19] app.INFO: 302 Found {"status":302,"method":"POST","route":"/users/signin","params":[]} {"uid":"98d0f64"}
[2018-08-27 21:05:19] app.INFO: 200 OK {"status":200,"method":"GET","route":"/users/profile","params":[]} {"uid":"214d7b9"}
[2018-08-27 23:05:22] app.INFO: 200 OK {"status":200,"method":"GET","route":"/admin","params":[]} {"uid":"7b9abaf"}
[2018-08-27 23:05:24] app.INFO: 200 OK {"status":200,"method":"GET","route":"/admin/products","params":[]} {"uid":"18b8841"}
[2018-08-27 23:05:26] app.INFO: 404 Not Found {"status":404,"method":"GET","route":"/admin/products/history/1","params":[]} {"uid":"b8bb930"}
[2018-08-27 23:06:36] app.INFO: 200 OK {"status":200,"method":"GET","route":"/admin/products","params":[]} {"uid":"2d621d6"}
